OpenSSH_9.9p2, OpenSSL 3.4.1 11 Feb 2025
debug1: Reading configuration data /data/data/com.termux/files/usr/etc/ssh/ssh_config
debug1: /data/data/com.termux/files/usr/etc/ssh/ssh_config line 20: include /data/data/com.termux/files/usr/etc/ssh/ssh_config.d/*.conf matched no files
debug3: expanded UserKnownHostsFile '~/.ssh/known_hosts' -> '/data/data/com.termux/files/home/.ssh/known_hosts'
debug3: expanded UserKnownHostsFile '~/.ssh/known_hosts2' -> '/data/data/com.termux/files/home/.ssh/known_hosts2'
debug1: Authenticator provider $SSH_SK_PROVIDER did not resolve; disabling
debug2: resolving "github.com" port 22
debug3: resolve_host: lookup github.com:22
debug3: channel_clear_timeouts: clearing
debug3: ssh_connect_direct: entering
debug1: Connecting to github.com [20.205.243.166] port 22.
debug3: set_sock_tos: set socket 3 IP_TOS 0x48
debug1: Connection established.
debug1: identity file /data/data/com.termux/files/home/.ssh/id_rsa type -1
debug1: identity file /data/data/com.termux/files/home/.ssh/id_rsa-cert type -1
debug1: identity file /data/data/com.termux/files/home/.ssh/id_ecdsa type -1
debug1: identity file /data/data/com.termux/files/home/.ssh/id_ecdsa-cert type -1
debug1: identity file /data/data/com.termux/files/home/.ssh/id_ecdsa_sk type -1
debug1: identity file /data/data/com.termux/files/home/.ssh/id_ecdsa_sk-cert type -1
debug1: identity file /data/data/com.termux/files/home/.ssh/id_ed25519 type 3
debug1: identity file /data/data/com.termux/files/home/.ssh/id_ed25519-cert type -1
debug1: identity file /data/data/com.termux/files/home/.ssh/id_ed25519_sk type -1
debug1: identity file /data/data/com.termux/files/home/.ssh/id_ed25519_sk-cert type -1
debug1: identity file /data/data/com.termux/files/home/.ssh/id_xmss type -1
debug1: identity file /data/data/com.termux/files/home/.ssh/id_xmss-cert type -1
debug1: Local version string SSH-2.0-OpenSSH_9.9
kex_exchange_identification: Connection closed by remote host
Connection closed by 20.205.243.166 port 22
